--------------------
../configure --prefix=/scratch/CS6686/Project/riscv/zlib-1.3.1/install
Saturday 25 October 2025 11:41:27 PM IST
=== ztest647417.c ===
extern int getchar();
int hello() {return getchar();}
===
riscv64-unknown-linux-gnu-gcc -c ztest647417.c
... using gcc

Checking for obsessive-compulsive compiler options...
=== ztest647417.c ===
int foo() { return 0; }
===
riscv64-unknown-linux-gnu-gcc -c -O3 -fPIC ztest647417.c

Checking for shared library support...
=== ztest647417.c ===
extern int getchar();
int hello() {return getchar();}
===
riscv64-unknown-linux-gnu-gcc -c -O3 -fPIC -fPIC ztest647417.c
riscv64-unknown-linux-gnu-gcc -shared -Wl,-soname,libz.so.1,--version-script,../zlib.map -O3 -fPIC -fPIC -o ztest647417.so ztest647417.o
Building shared library libz.so.1.3.1 with riscv64-unknown-linux-gnu-gcc.

=== ztest647417.c ===
#include <stdio.h>
#include <stdlib.h>
size_t dummy = 0;
===
riscv64-unknown-linux-gnu-gcc -c -O3 -fPIC ztest647417.c
Checking for size_t... Yes.

=== ztest647417.c ===
#include <sys/types.h>
off64_t dummy = 0;
===
riscv64-unknown-linux-gnu-gcc -c -O3 -fPIC -D_LARGEFILE64_SOURCE=1 ztest647417.c
Checking for off64_t... Yes.
Checking for fseeko... Yes.

=== ztest647417.c ===
#include <string.h>
#include <errno.h>
int main() { return strlen(strerror(errno)); }
===
riscv64-unknown-linux-gnu-gcc -O3 -fPIC -D_LARGEFILE64_SOURCE=1 -o ztest647417 ztest647417.c
Checking for strerror... Yes.

=== ztest647417.c ===
#include <unistd.h>
int main() { return 0; }
===
riscv64-unknown-linux-gnu-gcc -c -O3 -fPIC -D_LARGEFILE64_SOURCE=1 ztest647417.c
Checking for unistd.h... Yes.

=== ztest647417.c ===
#include <stdarg.h>
int main() { return 0; }
===
riscv64-unknown-linux-gnu-gcc -c -O3 -fPIC -D_LARGEFILE64_SOURCE=1 ztest647417.c
Checking for stdarg.h... Yes.

=== ztest647417.c ===
#include <stdio.h>
#include <stdarg.h>
#include "zconf.h"
int main()
{
#ifndef STDC
  choke me
#endif
  return 0;
}
===
riscv64-unknown-linux-gnu-gcc -c -O3 -fPIC -D_LARGEFILE64_SOURCE=1 ztest647417.c
Checking whether to use vs[n]printf() or s[n]printf()... using vs[n]printf().

=== ztest647417.c ===
#include <stdio.h>
#include <stdarg.h>
int mytest(const char *fmt, ...)
{
  char buf[20];
  va_list ap;
  va_start(ap, fmt);
  vsnprintf(buf, sizeof(buf), fmt, ap);
  va_end(ap);
  return 0;
}
int main()
{
  return (mytest("Hello%d\n", 1));
}
===
riscv64-unknown-linux-gnu-gcc -O3 -fPIC -D_LARGEFILE64_SOURCE=1 -o ztest647417 ztest647417.c
Checking for vsnprintf() in stdio.h... Yes.

=== ztest647417.c ===
#include <stdio.h>
#include <stdarg.h>
int mytest(const char *fmt, ...)
{
  int n;
  char buf[20];
  va_list ap;
  va_start(ap, fmt);
  n = vsnprintf(buf, sizeof(buf), fmt, ap);
  va_end(ap);
  return n;
}
int main()
{
  return (mytest("Hello%d\n", 1));
}
===
riscv64-unknown-linux-gnu-gcc -c -O3 -fPIC -D_LARGEFILE64_SOURCE=1 ztest647417.c
Checking for return value of vsnprintf()... Yes.

=== ztest647417.c ===
#define ZLIB_INTERNAL __attribute__((visibility ("hidden")))
int ZLIB_INTERNAL foo;
int main()
{
  return 0;
}
===
riscv64-unknown-linux-gnu-gcc -c -O3 -fPIC -D_LARGEFILE64_SOURCE=1 ztest647417.c
Checking for attribute(visibility) support... Yes.

ALL = static shared all64
AR = riscv64-unknown-linux-gnu-ar
ARFLAGS = rc
CC = riscv64-unknown-linux-gnu-gcc
CFLAGS = -O3 -fPIC -D_LARGEFILE64_SOURCE=1 -DHAVE_HIDDEN
CPP =
EXE =
LDCONFIG = ldconfig
LDFLAGS =
LDSHARED = riscv64-unknown-linux-gnu-gcc -shared -Wl,-soname,libz.so.1,--version-script,../zlib.map
LDSHAREDLIBC = -lc
OBJC = $(OBJZ) $(OBJG)
PIC_OBJC = $(PIC_OBJZ) $(PIC_OBJG)
RANLIB = riscv64-unknown-linux-gnu-ranlib
SFLAGS = -O3 -fPIC -fPIC -D_LARGEFILE64_SOURCE=1 -DHAVE_HIDDEN
SHAREDLIB = libz.so
SHAREDLIBM = libz.so.1
SHAREDLIBV = libz.so.1.3.1
STATICLIB = libz.a
TEST = all teststatic testshared test64
VER = 1.3.1
SRCDIR = ../
exec_prefix = ${prefix}
includedir = ${prefix}/include
libdir = ${exec_prefix}/lib
mandir = ${prefix}/share/man
prefix = /scratch/CS6686/Project/riscv/zlib-1.3.1/install
sharedlibdir = ${libdir}
uname = Linux
--------------------


